<?xml version="1.0" encoding="UTF-8" ?>
<testsuite errors="0" failures="0" hostname="DESKTOP-EAOLC9P" name="RationalTest" skipped="0" tests="6" time="0.022" timestamp="2025-09-17T09:11:12">
  <properties>
    <property name="ant.library.dir" value="C:\Users\mroei\AppData\Roaming\JetBrains\IntelliJIdea2024.3\plugins\ant\dist\lib" />
    <property name="ant.file.type" value="file" />
    <property name="java.specification.version" value="23" />
    <property name="sun.cpu.isalist" value="amd64" />
    <property name="sun.jnu.encoding" value="Cp1252" />
    <property name="java.class.path" value="C:\Program Files\Java\jdk-23!\java.base;C:\Program Files\Java\jdk-23!\java.compiler;C:\Program Files\Java\jdk-23!\java.datatransfer;C:\Program Files\Java\jdk-23!\java.desktop;C:\Program Files\Java\jdk-23!\java.instrument;C:\Program Files\Java\jdk-23!\java.logging;C:\Program Files\Java\jdk-23!\java.management;C:\Program Files\Java\jdk-23!\java.management.rmi;C:\Program Files\Java\jdk-23!\java.naming;C:\Program Files\Java\jdk-23!\java.net.http;C:\Program Files\Java\jdk-23!\java.prefs;C:\Program Files\Java\jdk-23!\java.rmi;C:\Program Files\Java\jdk-23!\java.scripting;C:\Program Files\Java\jdk-23!\java.se;C:\Program Files\Java\jdk-23!\java.security.jgss;C:\Program Files\Java\jdk-23!\java.security.sasl;C:\Program Files\Java\jdk-23!\java.smartcardio;C:\Program Files\Java\jdk-23!\java.sql;C:\Program Files\Java\jdk-23!\java.sql.rowset;C:\Program Files\Java\jdk-23!\java.transaction.xa;C:\Program Files\Java\jdk-23!\java.xml;C:\Program Files\Java\jdk-23!\java.xml.crypto;C:\Program Files\Java\jdk-23!\jdk.accessibility;C:\Program Files\Java\jdk-23!\jdk.attach;C:\Program Files\Java\jdk-23!\jdk.charsets;C:\Program Files\Java\jdk-23!\jdk.compiler;C:\Program Files\Java\jdk-23!\jdk.crypto.cryptoki;C:\Program Files\Java\jdk-23!\jdk.crypto.ec;C:\Program Files\Java\jdk-23!\jdk.crypto.mscapi;C:\Program Files\Java\jdk-23!\jdk.dynalink;C:\Program Files\Java\jdk-23!\jdk.editpad;C:\Program Files\Java\jdk-23!\jdk.graal.compiler;C:\Program Files\Java\jdk-23!\jdk.graal.compiler.lib;C:\Program Files\Java\jdk-23!\jdk.graal.compiler.management;C:\Program Files\Java\jdk-23!\jdk.hotspot.agent;C:\Program Files\Java\jdk-23!\jdk.httpserver;C:\Program Files\Java\jdk-23!\jdk.incubator.vector;C:\Program Files\Java\jdk-23!\jdk.internal.ed;C:\Program Files\Java\jdk-23!\jdk.internal.jvmstat;C:\Program Files\Java\jdk-23!\jdk.internal.le;C:\Program Files\Java\jdk-23!\jdk.internal.md;C:\Program Files\Java\jdk-23!\jdk.internal.opt;C:\Program Files\Java\jdk-23!\jdk.internal.vm.ci;C:\Program Files\Java\jdk-23!\jdk.jartool;C:\Program Files\Java\jdk-23!\jdk.javadoc;C:\Program Files\Java\jdk-23!\jdk.jcmd;C:\Program Files\Java\jdk-23!\jdk.jconsole;C:\Program Files\Java\jdk-23!\jdk.jdeps;C:\Program Files\Java\jdk-23!\jdk.jdi;C:\Program Files\Java\jdk-23!\jdk.jdwp.agent;C:\Program Files\Java\jdk-23!\jdk.jfr;C:\Program Files\Java\jdk-23!\jdk.jlink;C:\Program Files\Java\jdk-23!\jdk.jpackage;C:\Program Files\Java\jdk-23!\jdk.jshell;C:\Program Files\Java\jdk-23!\jdk.jsobject;C:\Program Files\Java\jdk-23!\jdk.jstatd;C:\Program Files\Java\jdk-23!\jdk.localedata;C:\Program Files\Java\jdk-23!\jdk.management;C:\Program Files\Java\jdk-23!\jdk.management.agent;C:\Program Files\Java\jdk-23!\jdk.management.jfr;C:\Program Files\Java\jdk-23!\jdk.naming.dns;C:\Program Files\Java\jdk-23!\jdk.naming.rmi;C:\Program Files\Java\jdk-23!\jdk.net;C:\Program Files\Java\jdk-23!\jdk.nio.mapmode;C:\Program Files\Java\jdk-23!\jdk.sctp;C:\Program Files\Java\jdk-23!\jdk.security.auth;C:\Program Files\Java\jdk-23!\jdk.security.jgss;C:\Program Files\Java\jdk-23!\jdk.unsupported;C:\Program Files\Java\jdk-23!\jdk.unsupported.desktop;C:\Program Files\Java\jdk-23!\jdk.xml.dom;C:\Program Files\Java\jdk-23!\jdk.zipfs;C:\Users\mroei\AppData\Roaming\JetBrains\IntelliJIdea2024.3\plugins\ant\dist\ant.jar;C:\Program Files\JetBrains\IntelliJ IDEA 2024.3.5\lib\idea_rt.jar" />
    <property name="java.vm.vendor" value="Oracle Corporation" />
    <property name="sun.arch.data.model" value="64" />
    <property name="user.variant" value="" />
    <property name="java.vendor.url" value="https://java.oracle.com/" />
    <property name="os.name" value="Windows 10" />
    <property name="java.vm.specification.version" value="23" />
    <property name="user.country" value="US" />
    <property name="sun.java.launcher" value="SUN_STANDARD" />
    <property name="sun.boot.library.path" value="C:\Program Files\Java\jdk-23\bin" />
    <property name="sun.java.command" value="com.intellij.rt.ant.execution.AntMain2 -logger com.intellij.rt.ant.execution.IdeaAntLogger2 -inputhandler com.intellij.rt.ant.execution.IdeaInputHandler -buildfile C:\Users\mroei\Documents\GitHub\SE-Rational-jUnit-\build.xml test" />
    <property name="jdk.debug" value="release" />
    <property name="sun.cpu.endian" value="little" />
    <property name="user.home" value="C:\Users\mroei" />
    <property name="user.language" value="en" />
    <property name="sun.stderr.encoding" value="UTF-8" />
    <property name="java.specification.vendor" value="Oracle Corporation" />
    <property name="java.version.date" value="2024-10-15" />
    <property name="java.home" value="C:\Program Files\Java\jdk-23" />
    <property name="file.separator" value="\" />
    <property name="basedir" value="C:\Users\mroei\Documents\GitHub\SE-Rational-jUnit-" />
    <property name="java.vm.compressedOopsMode" value="32-bit" />
    <property name="line.separator" value="&#xd;&#xa;" />
    <property name="sun.stdout.encoding" value="UTF-8" />
    <property name="ant.java.version" value="23" />
    <property name="java.specification.name" value="Java Platform API Specification" />
    <property name="java.vm.specification.vendor" value="Oracle Corporation" />
    <property name="user.script" value="" />
    <property name="sun.management.compiler" value="HotSpot 64-Bit Tiered Compilers" />
    <property name="java.runtime.version" value="23.0.1+11-39" />
    <property name="user.name" value="mroei" />
    <property name="ant.file" value="C:\Users\mroei\Documents\GitHub\SE-Rational-jUnit-\build.xml" />
    <property name="stdout.encoding" value="UTF-8" />
    <property name="path.separator" value=";" />
    <property name="os.version" value="10.0" />
    <property name="java.runtime.name" value="Java(TM) SE Runtime Environment" />
    <property name="ant.project.invoked-targets" value="test" />
    <property name="file.encoding" value="UTF-8" />
    <property name="java.vm.name" value="Java HotSpot(TM) 64-Bit Server VM" />
    <property name="ant.core.lib" value="C:\Users\mroei\AppData\Roaming\JetBrains\IntelliJIdea2024.3\plugins\ant\dist\ant.jar" />
    <property name="java.vendor.url.bug" value="https://bugreport.java.com/bugreport/" />
    <property name="java.io.tmpdir" value="C:\Users\mroei\AppData\Local\Temp\" />
    <property name="java.version" value="23.0.1" />
    <property name="user.dir" value="C:\Users\mroei\Documents\GitHub\SE-Rational-jUnit-" />
    <property name="os.arch" value="amd64" />
    <property name="java.vm.specification.name" value="Java Virtual Machine Specification" />
    <property name="ant.home" value="C:\Users\mroei\AppData\Roaming\JetBrains\IntelliJIdea2024.3\plugins\ant\dist" />
    <property name="sun.os.patch.level" value="" />
    <property name="native.encoding" value="Cp1252" />
    <property name="ant.version" value="Apache Ant(TM) version 1.10.14 compiled on August 16 2023" />
    <property name="java.library.path" value="C:\Program Files\Java\jdk-23\bin;C:\WINDOWS\Sun\Java\bin;C:\WINDOWS\system32;C:\WINDOWS;C:\Program Files\Common Files\Oracle\Java\javapath;C:\WINDOWS\system32;C:\WINDOWS;C:\WINDOWS\System32\Wbem;C:\WINDOWS\System32\WindowsPowerShell\v1.0\;C:\WINDOWS\System32\OpenSSH\;C:\Program Files\Crucial Storage Executive;C:\Program Files\dotnet\;C:\Program Files\nodejs\;C:\TDM-GCC-64\bin;C:\Program Files\Git\cmd;C:\Program Files (x86)\Go\bin;C:\Program Files (x86)\Pulse Secure\VC142.CRT\X64\;C:\Program Files (x86)\Pulse Secure\VC142.CRT\X86\;C:\Program Files (x86)\Common Files\Pulse Secure\TNC Client Plugin\;C:\Program Files\Java\jdk-23\bin;C:\Users\mroei\AppData\Local\Programs\Python\Python310\Scripts\;C:\Users\mroei\AppData\Local\Programs\Python\Python310\;C:\Program Files\MySQL\MySQL Shell 8.0\bin\;C:\Users\mroei\AppData\Local\Microsoft\WindowsApps;C:\Users\mroei\AppData\Local\Programs\Visual Studio Code\bin;C:\MinGW\bin;C:\Users\mroei\.dotnet\tools;C:\Users\mroei\AppData\Roaming\npm;C:\Users\mroei\AppData\Local\Programs\mongosh\;C:\Users\mroei\go\bin;C:\Users\mroei\AppData\Local\GitHubDesktop\bin;C:\Program Files\Java\jdk-23\bin;C:\Program Files\JetBrains\IntelliJ IDEA 2024.3.5\bin;;C:\Users\mroei\flutterSDK\flutter\bin;C:\Program Files\Android\Android Studio\bin;C:\Users\mroei\AppData\Local\Android\Sdk;C:\Users\mroei\AppData\Local\Android\Sdk\platform-tools;C:\Program Files\Java\jdk-19\bin;C:\Program Files\Java\jdk-17\bin;C:\Users\mroei\AppData\Local\Programs\cursor\resources\app\bin;." />
    <property name="java.vendor" value="Oracle Corporation" />
    <property name="stderr.encoding" value="UTF-8" />
    <property name="java.vm.info" value="mixed mode, sharing" />
    <property name="java.vm.version" value="23.0.1+11-39" />
    <property name="sun.io.unicode.encoding" value="UnicodeLittle" />
    <property name="java.class.version" value="67.0" />
  </properties>
  <testcase classname="RationalTest" name="testAdd" time="0.003" />
  <testcase classname="RationalTest" name="testSubtract" time="0.0" />
  <testcase classname="RationalTest" name="testEqual" time="0.0" />
  <testcase classname="RationalTest" name="testCompareTo" time="0.001" />
  <testcase classname="RationalTest" name="testDivide" time="0.0" />
  <testcase classname="RationalTest" name="testMultiply" time="0.0" />
  <system-out><![CDATA[Initializing the two Rational numbers.
Clear up the two Rational numbers.
Initializing the two Rational numbers.
Clear up the two Rational numbers.
Initializing the two Rational numbers.
Clear up the two Rational numbers.
Initializing the two Rational numbers.
Clear up the two Rational numbers.
Initializing the two Rational numbers.
Clear up the two Rational numbers.
Initializing the two Rational numbers.
Clear up the two Rational numbers.
]]></system-out>
  <system-err><![CDATA[]]></system-err>
</testsuite>
